  SELECTOR DE IMAGEN SIMPLIFICADO  
Imagen seleccionada: sancristobal.jpg

--- Moviendo archivo ---

--- Resultado ---
Imagen movida a: C:\Users\jl\OneDrive\Python\panoramic219\temp\sancristobal.jpg
El archivo ya no está en: C:\Users\jl\OneDrive\Python\panoramic219\buffer\HD_SM
 
 PANORAMIC219 CODE V3 - PROCESAMIENTO DESDE TEMP
 
 Directorio de trabajo: C:/Users/jl/OneDrive/Python/panoramic219
 Fuente única V3: C:/Users/jl/OneDrive/Python/panoramic219\temp
 Procesamiento: temp > hd (con watermark) + ld (640px)
 IMPORTANTE: Las imágenes NO se eliminan de temp
Ejecutando: git gc --prune=now

Ejecutando: git reflog expire --expire=now --all

 Verificando estructura de directorios V3:
 Imágenes en temp: 11
 Imágenes procesadas: 10 HD, 10 LD
 Estado inicial V3:
   - Imágenes en temp: 11
   - Imágenes ya procesadas: 10
   - Imágenes pendientes de procesar: 1
 Generando archivo style.css completo...
 Se generó style.css exitosamente
 V3: Procesando imágenes desde temp...
 Encontradas 1 imágenes NUEVAS en temp para procesar:
   - sancristobal.jpg
  Procesando desde temp: {filename}
    HD con watermark guardada: C:/Users/jl/OneDrive/Python/panoramic219\hd\sancristobal.jpg
    LD redimensionada guardada: C:/Users/jl/OneDrive/Python/panoramic219\ld\sancristobal.jpg
    Original mantenido en temp: C:/Users/jl/OneDrive/Python/panoramic219\temp\sancristobal.jpg
 Saltadas 10 imágenes que ya están procesadas:
   - 20251207__MG_3519-Pano.jpg (ya existe en HD)
   - Arga.jpg (ya existe en HD)
   - Gorraiz.jpg (ya existe en HD)
   - Sanvicente1.jpg (ya existe en HD)
   - colmenar-3.jpg (ya existe en HD)
   - fragas-1.jpg (ya existe en HD)
   - isla.jpg (ya existe en HD)
   - montejurra.jpg (ya existe en HD)
   - roquenublo.jpg (ya existe en HD)
   - ss-5.jpg (ya existe en HD)
 Recolectando imágenes procesadas para la galería...
 Encontradas 11 imágenes procesadas en total.
Método 2: Inferidas 2 palabras clave del nombre: 20251207__MG_3519-Pano.jpg
Método 2: Inferidas 1 palabras clave del nombre: Arga.jpg
Método 2: Inferidas 1 palabras clave del nombre: Gorraiz.jpg
Método 2: Inferidas 1 palabras clave del nombre: Sanvicente1.jpg
Método 2: Inferidas 1 palabras clave del nombre: colmenar-3.jpg
Método 2: Inferidas 1 palabras clave del nombre: fragas-1.jpg
Método 2: Inferidas 1 palabras clave del nombre: isla.jpg
Método 2: Inferidas 1 palabras clave del nombre: montejurra.jpg
Método 2: Inferidas 1 palabras clave del nombre: roquenublo.jpg
Método 2: Inferidas 1 palabras clave del nombre: sancristobal.jpg
Método 2: Inferidas 1 palabras clave del nombre: ss-5.jpg
 Se recolectaron 11 imágenes para la galería
 Generando index.html...
 Se generó index.html con 11 imágenes
 Generando páginas HTML individuales...
  Generado 20251207__MG_3519-Pano.html  con EXIF  con mapa  con 1 palabras clave
  Generado Arga.html  con EXIF  con mapa  con 1 palabras clave
  Generado Gorraiz.html  con EXIF  con mapa  con 1 palabras clave
  Generado Sanvicente1.html  con EXIF  con mapa  con 1 palabras clave
  Generado colmenar-3.html  con EXIF  con mapa  con 1 palabras clave
  Generado fragas-1.html  con EXIF  con mapa  con 1 palabras clave
  Generado isla.html  con EXIF  con mapa  con 1 palabras clave
  Generado montejurra.html  con EXIF  con mapa  con 1 palabras clave
  Generado roquenublo.html  con EXIF  con mapa  con 1 palabras clave
  Generado sancristobal.html  con EXIF  con mapa  con 1 palabras clave
  Generado ss-5.html  con EXIF  con mapa  con 1 palabras clave
 Subiendo a GitHub...
  Agregando archivos...
  Haciendo commit: V3: Actualización automática 17/01/2026 08:00
  Haciendo push...
  Push completado exitosamente.
 Proceso V3 completado exitosamente
 Las imágenes permanecen en temp para su posterior gestión
___________________________________________________________
PANORAMIC INSTAGRAM - 4 IMÁGENES EN ÁLBUM (ROBUSTO)
___________________________________________________________
17/01/2026 08:02:21
  - Componiendo secuencia para isla.jpg
  - Componiendo secuencia para sancristobal.jpg
Login completo en Instagram...
Traceback (most recent call last):
  File "C:\Users\jl\AppData\Roaming\Python\Python313\site-packages\instagrapi\mixins\private.py", line 359, in _send_private_request
    response.raise_for_status()
    ~~~~~~~~~~~~~~~~~~~~~~~~~^^
  File "C:\Users\jl\AppData\Roaming\Python\Python313\site-packages\requests\models.py", line 1026, in raise_for_status
    raise HTTPError(http_error_msg, response=self)
requests.exceptions.HTTPError: 400 Client Error: Bad Request for url: https://i.instagram.com/api/v1/accounts/login/

During handling of the above exception, another exception occurred:

Traceback (most recent call last):
  File "C:\Users\jl\AppData\Roaming\Python\Python313\site-packages\instagrapi\mixins\auth.py", line 445, in login
    logged = self.private_request("accounts/login/", data, login=True)
  File "C:\Users\jl\AppData\Roaming\Python\Python313\site-packages\instagrapi\mixins\private.py", line 550, in private_request
    raise e
  File "C:\Users\jl\AppData\Roaming\Python\Python313\site-packages\instagrapi\mixins\private.py", line 535, in private_request
    self._send_private_request(endpoint, **kwargs)
    ~~~~~~~~~~~~~~~~~~~~~~~~~~^^^^^^^^^^^^^^^^^^^^
  File "C:\Users\jl\AppData\Roaming\Python\Python313\site-packages\instagrapi\mixins\private.py", line 399, in _send_private_request
    raise TwoFactorRequired(**last_json)
instagrapi.exceptions.TwoFactorRequired: Two-factor authentication required

During handling of the above exception, another exception occurred:

Traceback (most recent call last):
  File "C:\Users\jl\OneDrive\Python\panoramic_instagram.py", line 333, in <module>
    main()
    ~~~~^^
  File "C:\Users\jl\OneDrive\Python\panoramic_instagram.py", line 293, in main
    cl = instagram_login()
  File "C:\Users\jl\OneDrive\Python\panoramic_instagram.py", line 227, in instagram_login
    return do_login(cl, verification_code=TWOFA_CODE)
  File "C:\Users\jl\OneDrive\Python\panoramic_instagram.py", line 183, in do_login
    cl.login(INSTAGRAM_USERNAME, INSTAGRAM_PASSWORD, verification_code=verification_code)
    ~~~~~~~~^^^^^^^^^^^^^^^^^^^^^^^^^^^^^^^^^^^^^^^^^^^^^^^^^^^^^^^^^^^^^^^^^^^^^^^^^^^^^
  File "C:\Users\jl\AppData\Roaming\Python\Python313\site-packages\instagrapi\mixins\auth.py", line 450, in login
    if not verification_code.strip():
           ^^^^^^^^^^^^^^^^^^^^^^^
AttributeError: 'NoneType' object has no attribute 'strip'
